<?xml version="1.0" encoding="UTF-8"?>
<!-- Generated by org.testng.reporters.JUnitXMLReporter -->
<testsuite hostname="Admin" ignored="1" name="TestingForTest1" tests="2" failures="0" timestamp="27 Aug 2018 16:25:51 GMT" time="30.741" errors="0">
  <testcase name="bing" time="16.663" classname="mypackage.test.TestDemo"/>
  <testcase name="google" time="7.789" classname="mypackage.test.TestDemo"/>
  <testcase name="flipkart" time="0.0" classname="mypackage.test.TestDemo">
    <ignored/>
  </testcase> <!-- flipkart -->
</testsuite> <!-- TestingForTest1 -->
