<?xml version="1.0" encoding="UTF-8"?>
<!-- Generated by org.testng.reporters.JUnitXMLReporter -->
<testsuite hostname="Admin" ignored="1" name="TestingForTest" tests="3" failures="0" timestamp="18 Jul 2018 17:57:55 GMT" time="29.931" errors="0">
  <testcase name="bing" time="6.307" classname="mypackage.test.TestDemo"/>
  <testcase name="google" time="5.845" classname="mypackage.test.TestDemo"/>
  <testcase name="yahoo" time="17.749" classname="mypackage.test.TestDemo3"/>
  <testcase name="flipkart" time="0.0" classname="mypackage.test.TestDemo">
    <ignored/>
  </testcase> <!-- flipkart -->
</testsuite> <!-- TestingForTest -->
