<?xml version="1.0" encoding="UTF-8"?>
<testng-results skipped="0" failed="0" ignored="1" total="4" passed="3">
  <reporter-output>
  </reporter-output>
  <suite name="Suite" duration-ms="90690" started-at="2018-08-27T16:25:20Z" finished-at="2018-08-27T16:26:51Z">
    <groups>
    </groups>
    <test name="TestingForTest1" duration-ms="30741" started-at="2018-08-27T16:25:20Z" finished-at="2018-08-27T16:25:51Z">
      <class name="mypackage.test.TestDemo">
        <test-method status="PASS" signature="navigation(java.lang.String)[pri:0, instance:mypackage.test.TestDemo@5e3a8624]" name="navigation" is-config="true" duration-ms="4048" started-at="2018-08-27T16:25:20Z" finished-at="2018-08-27T16:25:24Z">
          <params>
            <param index="0">
              <value>
                <![CDATA[chrome]]>
              </value>
            </param>
          </params>
          <reporter-output>
          </reporter-output>
        </test-method> <!-- navigation -->
        <test-method status="PASS" signature="bing()[pri:0, instance:mypackage.test.TestDemo@5e3a8624]" name="bing" duration-ms="16663" started-at="2018-08-27T16:25:24Z" finished-at="2018-08-27T16:25:41Z">
          <reporter-output>
          </reporter-output>
        </test-method> <!-- bing -->
        <test-method status="PASS" signature="navigation(java.lang.String)[pri:0, instance:mypackage.test.TestDemo@5e3a8624]" name="navigation" is-config="true" duration-ms="2202" started-at="2018-08-27T16:25:41Z" finished-at="2018-08-27T16:25:43Z">
          <params>
            <param index="0">
              <value>
                <![CDATA[chrome]]>
              </value>
            </param>
          </params>
          <reporter-output>
          </reporter-output>
        </test-method> <!-- navigation -->
        <test-method status="PASS" signature="google()[pri:0, instance:mypackage.test.TestDemo@5e3a8624]" name="google" duration-ms="7789" started-at="2018-08-27T16:25:43Z" finished-at="2018-08-27T16:25:51Z">
          <reporter-output>
          </reporter-output>
        </test-method> <!-- google -->
      </class> <!-- mypackage.test.TestDemo -->
    </test> <!-- TestingForTest1 -->
    <test name="TestingForTest2" duration-ms="90690" started-at="2018-08-27T16:25:20Z" finished-at="2018-08-27T16:26:51Z">
      <class name="mypackage.test.TestDemo3">
        <test-method status="PASS" signature="yahoo()[pri:0, instance:mypackage.test.TestDemo3@271053e1]" name="yahoo" duration-ms="90666" started-at="2018-08-27T16:25:20Z" finished-at="2018-08-27T16:26:51Z">
          <reporter-output>
          </reporter-output>
        </test-method> <!-- yahoo -->
      </class> <!-- mypackage.test.TestDemo3 -->
    </test> <!-- TestingForTest2 -->
  </suite> <!-- Suite -->
</testng-results>
